<?xml version="1.0" encoding="utf-8"?><testsuites name="pytest tests"><testsuite name="pytest" errors="0" failures="0" skipped="0" tests="11" time="2.085" timestamp="2026-05-05T16:14:37.983728+00:00" hostname="agent-env-904da22d-68ab-422a-b2dc-fe174f51b6f9"><testcase classname="backend.tests.test_api_core" name="test_health_ok" time="0.168" /><testcase classname="backend.tests.test_api_core" name="test_modes_get_contains_active_mode" time="0.127" /><testcase classname="backend.tests.test_api_core" name="test_modes_put_valid_and_invalid" time="0.198" /><testcase classname="backend.tests.test_api_core" name="test_documents_list_structure" time="0.112" /><testcase classname="backend.tests.test_api_core" name="test_upload_requires_files" time="0.163" /><testcase classname="backend.tests.test_api_core" name="test_upload_then_get_persistence" time="0.245" /><testcase classname="backend.tests.test_api_core" name="test_indexing_start_status_pause_resume_background" time="0.449" /><testcase classname="backend.tests.test_api_core" name="test_indexing_start_with_invalid_document_returns_404" time="0.115" /><testcase classname="backend.tests.test_api_core" name="test_chat_query_returns_answer_and_sources" time="0.130" /><testcase classname="backend.tests.test_api_core" name="test_viewer_page_returns_highlights" time="0.181" /><testcase classname="backend.tests.test_api_core" name="test_viewer_missing_document_returns_404" time="0.127" /></testsuite></testsuites>