{"/app/smot-desktop/src/context/ThemeContext.tsx": {"path":"/app/smot-desktop/src/context/ThemeContext.tsx","statementMap":{"0":{"start":{"line":10,"column":6},"end":{"line":10,"column":65}},"1":{"start":{"line":13,"column":16},"end":{"line":21,"column":null}},"2":{"start":{"line":14,"column":4},"end":{"line":17,"column":null}},"3":{"start":{"line":15,"column":21},"end":{"line":15,"column":55}},"4":{"start":{"line":16,"column":6},"end":{"line":16,"column":null}},"5":{"start":{"line":16,"column":51},"end":{"line":16,"column":null}},"6":{"start":{"line":20,"column":4},"end":{"line":20,"column":null}},"7":{"start":{"line":23,"column":2},"end":{"line":30,"column":null}},"8":{"start":{"line":24,"column":4},"end":{"line":24,"column":null}},"9":{"start":{"line":25,"column":4},"end":{"line":27,"column":null}},"10":{"start":{"line":26,"column":6},"end":{"line":26,"column":null}},"11":{"start":{"line":32,"column":8},"end":{"line":33,"column":null}},"12":{"start":{"line":33,"column":4},"end":{"line":33,"column":null}},"13":{"start":{"line":33,"column":24},"end":{"line":33,"column":60}},"14":{"start":{"line":36,"column":2},"end":{"line":39,"column":null}},"15":{"start":{"line":44,"column":8},"end":{"line":44,"column":42}},"16":{"start":{"line":45,"column":2},"end":{"line":46,"column":null}},"17":{"start":{"line":46,"column":4},"end":{"line":46,"column":null}},"18":{"start":{"line":48,"column":2},"end":{"line":48,"column":null}}},"fnMap":{"0":{"name":"ThemeProvider","decl":{"start":{"line":12,"column":16},"end":{"line":12,"column":30}},"loc":{"start":{"line":12,"column":69},"end":{"line":39,"column":null}},"line":12},"1":{"name":"(anonymous_1)","decl":{"start":{"line":13,"column":28},"end":{"line":13,"column":50}},"loc":{"start":{"line":13,"column":50},"end":{"line":21,"column":null}},"line":13},"2":{"name":"(anonymous_2)","decl":{"start":{"line":23,"column":2},"end":{"line":23,"column":18}},"loc":{"start":{"line":23,"column":18},"end":{"line":30,"column":6}},"line":23},"3":{"name":"(anonymous_3)","decl":{"start":{"line":32,"column":8},"end":{"line":32,"column":28}},"loc":{"start":{"line":32,"column":28},"end":{"line":33,"column":null}},"line":32},"4":{"name":"(anonymous_4)","decl":{"start":{"line":33,"column":4},"end":{"line":33,"column":14}},"loc":{"start":{"line":33,"column":24},"end":{"line":33,"column":60}},"line":33},"5":{"name":"useTheme","decl":{"start":{"line":43,"column":16},"end":{"line":43,"column":27}},"loc":{"start":{"line":43,"column":27},"end":{"line":48,"column":null}},"line":43}},"branchMap":{"0":{"loc":{"start":{"line":16,"column":6},"end":{"line":16,"column":null}},"type":"if","locations":[{"start":{"line":16,"column":6},"end":{"line":16,"column":null}},{"start":{},"end":{}}],"line":16},"1":{"loc":{"start":{"line":16,"column":10},"end":{"line":16,"column":51}},"type":"binary-expr","locations":[{"start":{"line":16,"column":10},"end":{"line":16,"column":32}},{"start":{"line":16,"column":32},"end":{"line":16,"column":51}}],"line":16},"2":{"loc":{"start":{"line":33,"column":24},"end":{"line":33,"column":60}},"type":"cond-expr","locations":[{"start":{"line":33,"column":42},"end":{"line":33,"column":52}},{"start":{"line":33,"column":52},"end":{"line":33,"column":60}}],"line":33},"3":{"loc":{"start":{"line":45,"column":2},"end":{"line":46,"column":null}},"type":"if","locations":[{"start":{"line":45,"column":2},"end":{"line":46,"column":null}},{"start":{},"end":{}}],"line":45}},"s":{"0":1,"1":7,"2":4,"3":4,"4":4,"5":1,"6":3,"7":7,"8":7,"9":7,"10":7,"11":7,"12":3,"13":3,"14":7,"15":10,"16":10,"17":2,"18":7},"f":{"0":7,"1":4,"2":7,"3":3,"4":3,"5":10},"b":{"0":[1,3],"1":[4,2],"2":[2,1],"3":[2,8]},"meta":{"lastBranch":4,"lastFunction":6,"lastStatement":19,"seen":{"s:10:6:10:65":0,"f:12:16:12:30":0,"s:13:16:21:Infinity":1,"f:13:28:13:50":1,"s:14:4:17:Infinity":2,"s:15:21:15:55":3,"b:16:6:16:Infinity:undefined:undefined:undefined:undefined":0,"s:16:6:16:Infinity":4,"b:16:10:16:32:16:32:16:51":1,"s:16:51:16:Infinity":5,"s:20:4:20:Infinity":6,"s:23:2:30:Infinity":7,"f:23:2:23:18":2,"s:24:4:24:Infinity":8,"s:25:4:27:Infinity":9,"s:26:6:26:Infinity":10,"s:32:8:33:Infinity":11,"f:32:8:32:28":3,"s:33:4:33:Infinity":12,"f:33:4:33:14":4,"s:33:24:33:60":13,"b:33:42:33:52:33:52:33:60":2,"s:36:2:39:Infinity":14,"f:43:16:43:27":5,"s:44:8:44:42":15,"b:45:2:46:Infinity:undefined:undefined:undefined:undefined":3,"s:45:2:46:Infinity":16,"s:46:4:46:Infinity":17,"s:48:2:48:Infinity":18}}}
}
